make all --print-data-base --no-builtin-variables --no-builtin-rules --question
make: *** No rule to make target 'all'.  Stop.

# GNU Make 4.2.1
# Built for x86_64-pc-linux-gnu
# Copyright (C) 1988-2016 Free Software Foundation, Inc.
# License GPLv3+: GNU GPL version 3 or later <http://gnu.org/licenses/gpl.html>
# This is free software: you are free to change and redistribute it.
# There is NO WARRANTY, to the extent permitted by law.

# Make data base, printed on Mon Jul 18 20:52:24 2022

# Variables

# 'override' directive
GNUMAKEFLAGS := 
# automatic
<D = $(patsubst %/,%,$(dir $<))
# automatic
?F = $(notdir $?)
# environment
DESKTOP_SESSION = gnome
# default
.SHELLFLAGS := -c
# environment
XDG_SESSION_CLASS = user
# environment
XDG_SESSION_TYPE = x11
# environment
VSCODE_LOG_NATIVE = false
# automatic
?D = $(patsubst %/,%,$(dir $?))
# environment
GRADLE_HOME = /home/chester/.sdkman/candidates/gradle/current
# automatic
@D = $(patsubst %/,%,$(dir $@))
# environment
XAUTHORITY = /run/user/1000/gdm/Xauthority
# environment
GDMSESSION = gnome
# environment
XMODIFIERS = @im=ibus
# makefile
CURDIR := /home/chester/projects/go/simplebank
# makefile
SHELL = /bin/sh
# environment
GDM_LANG = ru_RU.UTF-8
# environment
VSCODE_NLS_CONFIG = {"locale":"ru","availableLanguages":{},"_languagePackSupport":true}
# environment
_ = /usr/share/code/code
# environment
MAVEN_HOME = /opt/maven
# makefile (from 'Makefile', line 1)
MAKEFILE_LIST :=  Makefile
# automatic
@F = $(notdir $@)
# environment
GIO_LAUNCHED_DESKTOP_FILE = /usr/share/applications/code.desktop
# environment
USERNAME = chester
# environment
MAKELEVEL := 0
# environment
XDG_DATA_DIRS = /usr/share/gnome:/usr/local/share:/usr/share:/var/lib/snapd/desktop
# environment
VSCODE_AMD_ENTRYPOINT = vs/workbench/api/node/extensionHostProcess
# environment
DBUS_SESSION_BUS_ADDRESS = unix:path=/run/user/1000/bus
# environment
VSCODE_VERBOSE_LOGGING = true
# environment
CLUTTER_IM_MODULE = ibus
# environment
VSCODE_IPC_HOOK_EXTHOST = /run/user/1000/vscode-ipc-8ac90089-4cb4-47a0-8c71-464e6deeec4b.sock
# environment
VSCODE_CWD = /home/chester
# environment
GOPROXY = https://proxy.golang.org,direct
# default
MAKE_HOST := x86_64-pc-linux-gnu
# environment
PATH = /home/chester/.local/bin:/opt/maven/bin:/opt/jdk-13/bin:/home/chester/.sdkman/candidates/groovy/current/bin:/home/chester/.sdkman/candidates/gradle/current/bin:/opt/maven/bin:/usr/local/bin:/usr/bin:/bin:/usr/local/games:/usr/games:/snap/bin:/home/chester/.dotnet/tools:/usr/lib/jvm/default-java/bin:/usr/local/go/bin
# environment
GPG_AGENT_INFO = /run/user/1000/gnupg/S.gpg-agent:0:1
# environment
SESSION_MANAGER = local/kito:@/tmp/.ICE-unix/1890,unix/kito:/tmp/.ICE-unix/1890
# environment
XDG_RUNTIME_DIR = /run/user/1000
# environment
SDKMAN_DIR = /home/chester/.sdkman
# environment
SDKMAN_CANDIDATES_API = https://api.sdkman.io/2
# environment
GOPATH = /home/chester/go
# environment
XDG_MENU_PREFIX = gnome-
# environment
SDKMAN_PLATFORM = LinuxX64
# environment
VSCODE_LOG_STACK = false
# environment
ELECTRON_RUN_AS_NODE = 1
# default
.FEATURES := target-specific order-only second-expansion else-if shortest-stem undefine oneshell archives jobserver output-sync check-symlink load
# environment
LS_COLORS = 
# environment
XDG_SESSION_DESKTOP = gnome
# environment
SSH_AUTH_SOCK = /run/user/1000/keyring/ssh
# environment
GIO_LAUNCHED_DESKTOP_FILE_PID = 27204
# automatic
%F = $(notdir $%)
# environment
DISPLAY = :1
# environment
GTK_IM_MODULE = ibus
# environment
VSCODE_PIPE_LOGGING = true
# environment
PWD = /home/chester/projects/go/simplebank
# environment
GROOVY_HOME = /home/chester/.sdkman/candidates/groovy/current
# default
.LOADED := 
# environment
XDG_SEAT = seat0
# environment
SSH_AGENT_PID = 1948
# environment
ORIGINAL_XDG_CURRENT_DESKTOP = GNOME
# environment
GTK_MODULES = gail:atk-bridge
# environment
GOMODCACHE = /home/chester/go/pkg/mod
# environment
HOME = /home/chester
# environment
VSCODE_CODE_CACHE_PATH = /home/chester/.config/Code/CachedData/da15b6fd3ef856477bf6f4fb29ba1b7af717770d
# environment
LOGNAME = chester
# environment
APPLICATION_INSIGHTS_NO_DIAGNOSTIC_CHANNEL = 1
# environment
NVM_CD_FLAGS = 
# automatic
+F = $(notdir $+)
# environment
M2_HOME = /opt/maven
# environment
VSCODE_HANDLES_UNCAUGHT_ERRORS = true
# default
MAKE_VERSION := 4.2.1
# environment
GNOME_DESKTOP_SESSION_ID = this-is-deprecated
# automatic
^D = $(patsubst %/,%,$(dir $^))
# environment
XDG_VTNR = 2
# environment
LC_TIME = ru_RU.UTF-8
# environment
SDKMAN_VERSION = 5.10.0+617
# default
MAKE = $(MAKE_COMMAND)
# default
MAKECMDGOALS := all
# environment
QT_IM_MODULE = ibus
# environment
SHLVL = 0
# environment
JAVA_HOME = /usr/lib/jvm/default-java
# environment
XDG_SESSION_ID = 2
# environment
USER = chester
# environment
LC_MONETARY = ru_RU.UTF-8
# makefile
.DEFAULT_GOAL := postgres
# environment
XDG_CURRENT_DESKTOP = GNOME
# automatic
%D = $(patsubst %/,%,$(dir $%))
# default
MAKE_COMMAND := make
# default
.VARIABLES := 
# automatic
*F = $(notdir $*)
# environment
VSCODE_IPC_HOOK = /run/user/1000/vscode-f0c7123d-1.67.1-main.sock
# makefile
MAKEFLAGS = pqrR
# environment
MFLAGS = -pqrR
# automatic
*D = $(patsubst %/,%,$(dir $*))
# environment
NVM_DIR = /home/chester/.nvm
# automatic
+D = $(patsubst %/,%,$(dir $+))
# environment
GDK_BACKEND = x11
# environment
LC_PAPER = ru_RU.UTF-8
# environment
QT_ACCESSIBILITY = 1
# default
MAKEFILES := 
# environment
LC_NUMERIC = ru_RU.UTF-8
# automatic
<F = $(notdir $<)
# environment
LC_MEASUREMENT = ru_RU.UTF-8
# environment
SDKMAN_CANDIDATES_DIR = /home/chester/.sdkman/candidates
# environment
LC_ALL = C
# environment
SBX_CHROME_API_RQ = 1
# environment
QT4_IM_MODULE = ibus
# environment
GJS_DEBUG_TOPICS = JS ERROR;JS LOG
# automatic
^F = $(notdir $^)
# default
SUFFIXES := 
# environment
CHROME_DESKTOP = code-url-handler.desktop
# environment
WINDOWPATH = 2
# default
.INCLUDE_DIRS = /usr/include /usr/local/include /usr/include
# environment
GJS_DEBUG_OUTPUT = stderr
# default
.RECIPEPREFIX := 
# environment
LANG = C
# environment
VSCODE_PID = 27204
# environment
NVM_RC_VERSION = 
# variable set hash-table stats:
# Load=118/1024=12%, Rehash=0, Collisions=16/143=11%

# Pattern-specific Variable Values

# No pattern-specific variable values.

# Directories

# . (device 65029, inode 7556210): 11 files, no impossibilities.

# 11 files, no impossibilities in 1 directories.

# Implicit Rules

# No implicit rules.

# Files

postgres:
#  Phony target (prerequisite of .PHONY).
#  Implicit rule search has not been done.
#  File does not exist.
#  File has not been updated.
#  recipe to execute (from 'Makefile', line 2):
	docker run --name postgres12 -p 5432:5432 -e POSTGRES_USER=root -e POSTGRES_PASSWORD=secret -d postgres:12-alpine

# Not a target:
all:
#  Command line target.
#  Implicit rule search has been done.
#  File does not exist.
#  File has not been updated.

.PHONY: postgres createdb dropdb migrateup migratedown sqlc
#  Implicit rule search has not been done.
#  Modification time never checked.
#  File has not been updated.
 

sqlc:
#  Phony target (prerequisite of .PHONY).
#  Implicit rule search has not been done.
#  File does not exist.
#  File has not been updated.
#  recipe to execute (from 'Makefile', line 17):
	sqlc generate

# Not a target:
Makefile:
#  Implicit rule search has been done.
#  Last modified 2022-07-13 23:38:06.255702671
#  File has been updated.
#  Successfully updated.

test:
#  Implicit rule search has not been done.
#  Modification time never checked.
#  File has not been updated.
#  recipe to execute (from 'Makefile', line 20):
	go test -v -cover ./...

createdb:
#  Phony target (prerequisite of .PHONY).
#  Implicit rule search has not been done.
#  File does not exist.
#  File has not been updated.
#  recipe to execute (from 'Makefile', line 5):
	docker exec -it postgres12 createdb --username=root --owner=root simple_bank

# Not a target:
.DEFAULT:
#  Implicit rule search has not been done.
#  Modification time never checked.
#  File has not been updated.

dropdb:
#  Phony target (prerequisite of .PHONY).
#  Implicit rule search has not been done.
#  File does not exist.
#  File has not been updated.
#  recipe to execute (from 'Makefile', line 8):
	docker exec -it postgres12 dropdb simple_bank

migrateup:
#  Phony target (prerequisite of .PHONY).
#  Implicit rule search has not been done.
#  File does not exist.
#  File has not been updated.
#  recipe to execute (from 'Makefile', line 11):
	migrate -path db/migration -database "postgresql://root:secret@localhost:5432/simple_bank?sslmode=disable" -verbose up

migratedown:
#  Phony target (prerequisite of .PHONY).
#  Implicit rule search has not been done.
#  File does not exist.
#  File has not been updated.
#  recipe to execute (from 'Makefile', line 14):
	migrate -path db/migration -database "postgresql://root:secret@localhost:5432/simple_bank?sslmode=disable" -verbose down

# files hash-table stats:
# Load=12/1024=1%, Rehash=0, Collisions=0/28=0%
# VPATH Search Paths

# No 'vpath' search paths.

# No general ('VPATH' variable) search path.

# strcache buffers: 1 (0) / strings = 24 / storage = 184 B / avg = 7 B
# current buf: size = 8162 B / used = 184 B / count = 24 / avg = 7 B

# strcache performance: lookups = 42 / hit rate = 42%
# hash-table stats:
# Load=24/8192=0%, Rehash=0, Collisions=1/42=2%
# Finished Make data base on Mon Jul 18 20:52:24 2022

 
